This file contains any messages produced by compilers while
running configure, to aid debugging if configure makes a mistake.

It was created by configure, which was
generated by GNU Autoconf 2.69.  Invocation command line was

  $ ./configure --enable-async-mysql --enable-async-httpclient --enable-aerospike --enable-sockets --enable-async-redis

## --------- ##
## Platform. ##
## --------- ##

hostname = yuanhaodeMacBook-Pro.local
uname -m = x86_64
uname -r = 15.6.0
uname -s = Darwin
uname -v = Darwin Kernel Version 15.6.0: Thu Jun 23 18:25:34 PDT 2016; root:xnu-3248.60.10~1/RELEASE_X86_64

/usr/bin/uname -p = i386
/bin/uname -X     = unknown

/bin/arch              = unknown
/usr/bin/arch -k       = unknown
/usr/convex/getsysinfo = unknown
/usr/bin/hostinfo      = Mach kernel version:
	 Darwin Kernel Version 15.6.0: Thu Jun 23 18:25:34 PDT 2016; root:xnu-3248.60.10~1/RELEASE_X86_64
Kernel configured for up to 4 processors.
2 processors are physically available.
4 processors are logically available.
Processor type: x86_64h (Intel x86-64h Haswell)
Processors active: 0 1 2 3
Primary memory available: 8.00 gigabytes
Default processor set: 340 tasks, 1805 threads, 4 processors
Load average: 2.60, Mach factor: 1.58
/bin/machine           = unknown
/usr/bin/oslevel       = unknown
/bin/universe          = unknown

PATH: /usr/local/opt/findutils/libexec/gnubin
PATH: /usr/local/sbin
PATH: /usr/local/bin
PATH: /usr/bin
PATH: /bin
PATH: /usr/sbin
PATH: /sbin
PATH: /Users/lanhu/Library/Android/sdk/platform-tools
PATH: /Users/lanhu/Library/Android/sdk/tools
PATH: /Library/Java/JavaVirtualMachines/jdk1.8.0_91.jdk/Contents/Home/bin


## ----------- ##
## Core tests. ##
## ----------- ##

configure:2322: checking for grep that handles long lines and -e
configure:2380: result: /usr/local/bin/ggrep
configure:2385: checking for egrep
configure:2447: result: /usr/local/bin/ggrep -E
configure:2452: checking for a sed that does not truncate output
configure:2506: result: /usr/bin/sed
configure:2638: checking for cc
configure:2654: found /usr/bin/cc
configure:2665: result: cc
configure:2696: checking for C compiler version
configure:2705: cc --version >&5
Apple LLVM version 7.3.0 (clang-703.0.31)
Target: x86_64-apple-darwin15.6.0
Thread model: posix
InstalledDir: /Applications/Xcode.app/Contents/Developer/Toolchains/XcodeDefault.xctoolchain/usr/bin
configure:2716: $? = 0
configure:2705: cc -v >&5
Apple LLVM version 7.3.0 (clang-703.0.31)
Target: x86_64-apple-darwin15.6.0
Thread model: posix
InstalledDir: /Applications/Xcode.app/Contents/Developer/Toolchains/XcodeDefault.xctoolchain/usr/bin
configure:2716: $? = 0
configure:2705: cc -V >&5
clang: error: argument to '-V' is missing (expected 1 value)
clang: error: no input files
configure:2716: $? = 1
configure:2705: cc -qversion >&5
clang: error: unknown argument: '-qversion'
clang: error: no input files
configure:2716: $? = 1
configure:2736: checking whether the C compiler works
configure:2758: cc    conftest.c  >&5
configure:2762: $? = 0
configure:2810: result: yes
configure:2813: checking for C compiler default output file name
configure:2815: result: a.out
configure:2821: checking for suffix of executables
configure:2828: cc -o conftest    conftest.c  >&5
configure:2832: $? = 0
configure:2854: result: 
configure:2876: checking whether we are cross compiling
configure:2884: cc -o conftest    conftest.c  >&5
configure:2888: $? = 0
configure:2895: ./conftest
configure:2899: $? = 0
configure:2914: result: no
configure:2919: checking for suffix of object files
configure:2941: cc -c   conftest.c >&5
configure:2945: $? = 0
configure:2966: result: o
configure:2970: checking whether we are using the GNU C compiler
configure:2989: cc -c   conftest.c >&5
configure:2989: $? = 0
configure:2998: result: yes
configure:3007: checking whether cc accepts -g
configure:3027: cc -c -g  conftest.c >&5
configure:3027: $? = 0
configure:3068: result: yes
configure:3085: checking for cc option to accept ISO C89
configure:3148: cc  -c -g -O2  conftest.c >&5
configure:3148: $? = 0
configure:3161: result: none needed
configure:3187: checking how to run the C preprocessor
configure:3218: cc -E  conftest.c
configure:3218: $? = 0
configure:3232: cc -E  conftest.c
conftest.c:9:10: fatal error: 'ac_nonexistent.h' file not found
#include <ac_nonexistent.h>
         ^
1 error generated.
configure:3232: $? = 1
configure: failed program was:
| /* confdefs.h */
| #define PACKAGE_NAME ""
| #define PACKAGE_TARNAME ""
| #define PACKAGE_VERSION ""
| #define PACKAGE_STRING ""
| #define PACKAGE_BUGREPORT ""
| #define PACKAGE_URL ""
| /* end confdefs.h.  */
| #include <ac_nonexistent.h>
configure:3257: result: cc -E
configure:3277: cc -E  conftest.c
configure:3277: $? = 0
configure:3291: cc -E  conftest.c
conftest.c:9:10: fatal error: 'ac_nonexistent.h' file not found
#include <ac_nonexistent.h>
         ^
1 error generated.
configure:3291: $? = 1
configure: failed program was:
| /* confdefs.h */
| #define PACKAGE_NAME ""
| #define PACKAGE_TARNAME ""
| #define PACKAGE_VERSION ""
| #define PACKAGE_STRING ""
| #define PACKAGE_BUGREPORT ""
| #define PACKAGE_URL ""
| /* end confdefs.h.  */
| #include <ac_nonexistent.h>
configure:3322: checking for icc
configure:3331: result: no
configure:3345: checking for suncc
configure:3354: result: no
configure:3372: checking whether cc understands -c and -o together
configure:3400: cc -c conftest.c -o conftest2.o >&5
configure:3404: $? = 0
configure:3410: cc -c conftest.c -o conftest2.o >&5
configure:3414: $? = 0
configure:3469: result: yes
configure:3483: checking for system library directory
configure:3498: result: lib
configure:3505: checking if compiler supports -R
configure:3524: cc -o conftest -g -O2   conftest.c -R /usr/lib  >&5
warning: unknown remark option '-R' [-Wunknown-warning-option]
1 warning generated.
ld: can't map file, errno=22 file '/usr/lib' for architecture x86_64
clang: error: linker command failed with exit code 1 (use -v to see invocation)
configure:3524: $? = 1
configure: failed program was:
| /* confdefs.h */
| #define PACKAGE_NAME ""
| #define PACKAGE_TARNAME ""
| #define PACKAGE_VERSION ""
| #define PACKAGE_STRING ""
| #define PACKAGE_BUGREPORT ""
| #define PACKAGE_URL ""
| /* end confdefs.h.  */
| 
| int
| main ()
| {
| 
|   ;
|   return 0;
| }
configure:3534: result: no
configure:3539: checking if compiler supports -Wl,-rpath,
configure:3558: cc -o conftest -g -O2   conftest.c -Wl,-rpath,/usr/lib  >&5
configure:3558: $? = 0
configure:3568: result: yes
configure:3613: checking build system type
configure:3627: result: x86_64-apple-darwin15.6.0
configure:3647: checking host system type
configure:3660: result: x86_64-apple-darwin15.6.0
configure:3680: checking target system type
configure:3693: result: x86_64-apple-darwin15.6.0
configure:3796: checking for PHP prefix
configure:3798: result: /usr/local/Cellar/php56/5.6.23
configure:3800: checking for PHP includes
configure:3802: result: -I/usr/local/Cellar/php56/5.6.23/include/php -I/usr/local/Cellar/php56/5.6.23/include/php/main -I/usr/local/Cellar/php56/5.6.23/include/php/TSRM -I/usr/local/Cellar/php56/5.6.23/include/php/Zend -I/usr/local/Cellar/php56/5.6.23/include/php/ext -I/usr/local/Cellar/php56/5.6.23/include/php/ext/date/lib
configure:3804: checking for PHP extension directory
configure:3806: result: /usr/local/Cellar/php56/5.6.23/lib/php/extensions/no-debug-non-zts-20131226
configure:3808: checking for PHP installed headers prefix
configure:3810: result: /usr/local/Cellar/php56/5.6.23/include/php
configure:3813: checking if debug is enabled
configure:3839: result: no
configure:3842: checking if zts is enabled
configure:3868: result: no
configure:3939: checking for re2c
configure:3969: result: no
configure:3994: WARNING: You will need re2c 0.13.4 or later if you want to regenerate PHP parsers.
configure:4008: checking for gawk
configure:4025: found /usr/local/bin/gawk
configure:4036: result: gawk
configure:4081: checking whether to enable swoole debug
configure:4095: result: no
configure:4104: checking whether to enable youzan debug
configure:4118: result: no
configure:4127: checking enable sockets support
configure:4141: result: yes
configure:4150: checking enable ringbuffer shared memory pool support
configure:4164: result: no
configure:4173: checking enable async_mysql support
configure:4187: result: yes
configure:4196: checking enable async_redis support
configure:4210: result: yes
configure:4219: checking enable async_httpclient support
configure:4233: result: yes
configure:4242: checking enable openssl support
configure:4256: result: no
configure:4265: checking enable http2.0 support
configure:4279: result: no
configure:4288: checking enable jemalloc support
configure:4302: result: no
configure:4311: checking enable tcmalloc support
configure:4325: result: no
configure:4334: checking swoole support
configure:4374: result: yes, shared
configure:4383: checking swoole support
configure:4422: result: yes, shared
configure:4431: checking enable aerospike support
configure:4445: result: yes
configure:4458: checking if compiling with clang
configure:4476: cc -c -g -O2  conftest.c >&5
configure:4476: $? = 0
configure:4483: result: yes
configure:4576: checking for cpu affinity
configure:4594: cc -c -g -O2 -std=gnu89  conftest.c >&5
conftest.c:20:3: error: use of undeclared identifier 'cpu_set_t'
                cpu_set_t cpu_set;
                ^
conftest.c:21:13: error: use of undeclared identifier 'cpu_set'
                CPU_ZERO(&cpu_set);
                          ^
2 errors generated.
configure:4594: $? = 1
configure: failed program was:
| /* confdefs.h */
| #define PACKAGE_NAME ""
| #define PACKAGE_TARNAME ""
| #define PACKAGE_VERSION ""
| #define PACKAGE_STRING ""
| #define PACKAGE_BUGREPORT ""
| #define PACKAGE_URL ""
| #define SW_SOCKETS 1
| #define SW_ASYNC_MYSQL 1
| #define SW_ASYNC_HTTPCLIENT 1
| #define SW_USE_AEROSPIKE 1
| /* end confdefs.h.  */
| 
| 		#include <sched.h>
| 
| int
| main ()
| {
| 
| 		cpu_set_t cpu_set;
| 		CPU_ZERO(&cpu_set);
| 
|   ;
|   return 0;
| }
configure:4604: result: no
configure:4611: checking for socket REUSEPORT
configure:4629: cc -c -g -O2 -std=gnu89  conftest.c >&5
configure:4629: $? = 0
configure:4634: result: yes
configure:4650: checking for ext/mysqli support
configure:4656: result: yes
configure:4690: checking for ext/mysqlnd support
configure:4696: result: yes
configure:4729: checking for accept4 in -lc
configure:4754: cc -o conftest -std=gnu99 -Wall -pthread -g -O2 -std=gnu89   -lpthread conftest.c -lc   >&5
Undefined symbols for architecture x86_64:
  "_accept4", referenced from:
      _main in conftest-c64b88.o
ld: symbol(s) not found for architecture x86_64
clang: error: linker command failed with exit code 1 (use -v to see invocation)
configure:4754: $? = 1
configure: failed program was:
| /* confdefs.h */
| #define PACKAGE_NAME ""
| #define PACKAGE_TARNAME ""
| #define PACKAGE_VERSION ""
| #define PACKAGE_STRING ""
| #define PACKAGE_BUGREPORT ""
| #define PACKAGE_URL ""
| #define SW_SOCKETS 1
| #define SW_ASYNC_MYSQL 1
| #define SW_ASYNC_HTTPCLIENT 1
| #define SW_USE_AEROSPIKE 1
| #define HAVE_REUSEPORT 1
| #define SW_HAVE_MYSQLI 1
| #define SW_HAVE_MYSQLND 1
| /* end confdefs.h.  */
| 
| /* Override any GCC internal prototype to avoid an error.
|    Use char because int might match the return type of a GCC
|    builtin and then its argument prototype would still apply.  */
| #ifdef __cplusplus
| extern "C"
| #endif
| char accept4 ();
| int
| main ()
| {
| return accept4 ();
|   ;
|   return 0;
| }
configure:4763: result: no
configure:4771: checking for signalfd in -lc
configure:4796: cc -o conftest -std=gnu99 -Wall -pthread -g -O2 -std=gnu89   -lpthread conftest.c -lc   >&5
Undefined symbols for architecture x86_64:
  "_signalfd", referenced from:
      _main in conftest-783198.o
ld: symbol(s) not found for architecture x86_64
clang: error: linker command failed with exit code 1 (use -v to see invocation)
configure:4796: $? = 1
configure: failed program was:
| /* confdefs.h */
| #define PACKAGE_NAME ""
| #define PACKAGE_TARNAME ""
| #define PACKAGE_VERSION ""
| #define PACKAGE_STRING ""
| #define PACKAGE_BUGREPORT ""
| #define PACKAGE_URL ""
| #define SW_SOCKETS 1
| #define SW_ASYNC_MYSQL 1
| #define SW_ASYNC_HTTPCLIENT 1
| #define SW_USE_AEROSPIKE 1
| #define HAVE_REUSEPORT 1
| #define SW_HAVE_MYSQLI 1
| #define SW_HAVE_MYSQLND 1
| /* end confdefs.h.  */
| 
| /* Override any GCC internal prototype to avoid an error.
|    Use char because int might match the return type of a GCC
|    builtin and then its argument prototype would still apply.  */
| #ifdef __cplusplus
| extern "C"
| #endif
| char signalfd ();
| int
| main ()
| {
| return signalfd ();
|   ;
|   return 0;
| }
configure:4805: result: no
configure:4813: checking for timerfd_create in -lc
configure:4838: cc -o conftest -std=gnu99 -Wall -pthread -g -O2 -std=gnu89   -lpthread conftest.c -lc   >&5
Undefined symbols for architecture x86_64:
  "_timerfd_create", referenced from:
      _main in conftest-d13685.o
ld: symbol(s) not found for architecture x86_64
clang: error: linker command failed with exit code 1 (use -v to see invocation)
configure:4838: $? = 1
configure: failed program was:
| /* confdefs.h */
| #define PACKAGE_NAME ""
| #define PACKAGE_TARNAME ""
| #define PACKAGE_VERSION ""
| #define PACKAGE_STRING ""
| #define PACKAGE_BUGREPORT ""
| #define PACKAGE_URL ""
| #define SW_SOCKETS 1
| #define SW_ASYNC_MYSQL 1
| #define SW_ASYNC_HTTPCLIENT 1
| #define SW_USE_AEROSPIKE 1
| #define HAVE_REUSEPORT 1
| #define SW_HAVE_MYSQLI 1
| #define SW_HAVE_MYSQLND 1
| /* end confdefs.h.  */
| 
| /* Override any GCC internal prototype to avoid an error.
|    Use char because int might match the return type of a GCC
|    builtin and then its argument prototype would still apply.  */
| #ifdef __cplusplus
| extern "C"
| #endif
| char timerfd_create ();
| int
| main ()
| {
| return timerfd_create ();
|   ;
|   return 0;
| }
configure:4847: result: no
configure:4855: checking for eventfd in -lc
configure:4880: cc -o conftest -std=gnu99 -Wall -pthread -g -O2 -std=gnu89   -lpthread conftest.c -lc   >&5
Undefined symbols for architecture x86_64:
  "_eventfd", referenced from:
      _main in conftest-bff227.o
ld: symbol(s) not found for architecture x86_64
clang: error: linker command failed with exit code 1 (use -v to see invocation)
configure:4880: $? = 1
configure: failed program was:
| /* confdefs.h */
| #define PACKAGE_NAME ""
| #define PACKAGE_TARNAME ""
| #define PACKAGE_VERSION ""
| #define PACKAGE_STRING ""
| #define PACKAGE_BUGREPORT ""
| #define PACKAGE_URL ""
| #define SW_SOCKETS 1
| #define SW_ASYNC_MYSQL 1
| #define SW_ASYNC_HTTPCLIENT 1
| #define SW_USE_AEROSPIKE 1
| #define HAVE_REUSEPORT 1
| #define SW_HAVE_MYSQLI 1
| #define SW_HAVE_MYSQLND 1
| /* end confdefs.h.  */
| 
| /* Override any GCC internal prototype to avoid an error.
|    Use char because int might match the return type of a GCC
|    builtin and then its argument prototype would still apply.  */
| #ifdef __cplusplus
| extern "C"
| #endif
| char eventfd ();
| int
| main ()
| {
| return eventfd ();
|   ;
|   return 0;
| }
configure:4889: result: no
configure:4897: checking for epoll_create in -lc
configure:4922: cc -o conftest -std=gnu99 -Wall -pthread -g -O2 -std=gnu89   -lpthread conftest.c -lc   >&5
Undefined symbols for architecture x86_64:
  "_epoll_create", referenced from:
      _main in conftest-83b4a9.o
ld: symbol(s) not found for architecture x86_64
clang: error: linker command failed with exit code 1 (use -v to see invocation)
configure:4922: $? = 1
configure: failed program was:
| /* confdefs.h */
| #define PACKAGE_NAME ""
| #define PACKAGE_TARNAME ""
| #define PACKAGE_VERSION ""
| #define PACKAGE_STRING ""
| #define PACKAGE_BUGREPORT ""
| #define PACKAGE_URL ""
| #define SW_SOCKETS 1
| #define SW_ASYNC_MYSQL 1
| #define SW_ASYNC_HTTPCLIENT 1
| #define SW_USE_AEROSPIKE 1
| #define HAVE_REUSEPORT 1
| #define SW_HAVE_MYSQLI 1
| #define SW_HAVE_MYSQLND 1
| /* end confdefs.h.  */
| 
| /* Override any GCC internal prototype to avoid an error.
|    Use char because int might match the return type of a GCC
|    builtin and then its argument prototype would still apply.  */
| #ifdef __cplusplus
| extern "C"
| #endif
| char epoll_create ();
| int
| main ()
| {
| return epoll_create ();
|   ;
|   return 0;
| }
configure:4931: result: no
configure:4939: checking for sendfile in -lc
configure:4964: cc -o conftest -std=gnu99 -Wall -pthread -g -O2 -std=gnu89   -lpthread conftest.c -lc   >&5
configure:4964: $? = 0
configure:4973: result: yes
configure:4981: checking for kqueue in -lc
configure:5006: cc -o conftest -std=gnu99 -Wall -pthread -g -O2 -std=gnu89   -lpthread conftest.c -lc   >&5
configure:5006: $? = 0
configure:5015: result: yes
configure:5023: checking for backtrace in -lc
configure:5048: cc -o conftest -std=gnu99 -Wall -pthread -g -O2 -std=gnu89   -lpthread conftest.c -lc   >&5
configure:5048: $? = 0
configure:5057: result: yes
configure:5065: checking for daemon in -lc
configure:5090: cc -o conftest -std=gnu99 -Wall -pthread -g -O2 -std=gnu89   -lpthread conftest.c -lc   >&5
configure:5090: $? = 0
configure:5099: result: yes
configure:5107: checking for mkostemp in -lc
configure:5132: cc -o conftest -std=gnu99 -Wall -pthread -g -O2 -std=gnu89   -lpthread conftest.c -lc   >&5
Undefined symbols for architecture x86_64:
  "_mkostemp", referenced from:
      _main in conftest-b098a4.o
ld: symbol(s) not found for architecture x86_64
clang: error: linker command failed with exit code 1 (use -v to see invocation)
configure:5132: $? = 1
configure: failed program was:
| /* confdefs.h */
| #define PACKAGE_NAME ""
| #define PACKAGE_TARNAME ""
| #define PACKAGE_VERSION ""
| #define PACKAGE_STRING ""
| #define PACKAGE_BUGREPORT ""
| #define PACKAGE_URL ""
| #define SW_SOCKETS 1
| #define SW_ASYNC_MYSQL 1
| #define SW_ASYNC_HTTPCLIENT 1
| #define SW_USE_AEROSPIKE 1
| #define HAVE_REUSEPORT 1
| #define SW_HAVE_MYSQLI 1
| #define SW_HAVE_MYSQLND 1
| #define HAVE_SENDFILE 1
| #define HAVE_KQUEUE 1
| #define HAVE_EXECINFO 1
| #define HAVE_DAEMON 1
| /* end confdefs.h.  */
| 
| /* Override any GCC internal prototype to avoid an error.
|    Use char because int might match the return type of a GCC
|    builtin and then its argument prototype would still apply.  */
| #ifdef __cplusplus
| extern "C"
| #endif
| char mkostemp ();
| int
| main ()
| {
| return mkostemp ();
|   ;
|   return 0;
| }
configure:5141: result: no
configure:5149: checking for inotify_init in -lc
configure:5174: cc -o conftest -std=gnu99 -Wall -pthread -g -O2 -std=gnu89   -lpthread conftest.c -lc   >&5
Undefined symbols for architecture x86_64:
  "_inotify_init", referenced from:
      _main in conftest-85db05.o
ld: symbol(s) not found for architecture x86_64
clang: error: linker command failed with exit code 1 (use -v to see invocation)
configure:5174: $? = 1
configure: failed program was:
| /* confdefs.h */
| #define PACKAGE_NAME ""
| #define PACKAGE_TARNAME ""
| #define PACKAGE_VERSION ""
| #define PACKAGE_STRING ""
| #define PACKAGE_BUGREPORT ""
| #define PACKAGE_URL ""
| #define SW_SOCKETS 1
| #define SW_ASYNC_MYSQL 1
| #define SW_ASYNC_HTTPCLIENT 1
| #define SW_USE_AEROSPIKE 1
| #define HAVE_REUSEPORT 1
| #define SW_HAVE_MYSQLI 1
| #define SW_HAVE_MYSQLND 1
| #define HAVE_SENDFILE 1
| #define HAVE_KQUEUE 1
| #define HAVE_EXECINFO 1
| #define HAVE_DAEMON 1
| /* end confdefs.h.  */
| 
| /* Override any GCC internal prototype to avoid an error.
|    Use char because int might match the return type of a GCC
|    builtin and then its argument prototype would still apply.  */
| #ifdef __cplusplus
| extern "C"
| #endif
| char inotify_init ();
| int
| main ()
| {
| return inotify_init ();
|   ;
|   return 0;
| }
configure:5183: result: no
configure:5191: checking for inotify_init1 in -lc
configure:5216: cc -o conftest -std=gnu99 -Wall -pthread -g -O2 -std=gnu89   -lpthread conftest.c -lc   >&5
Undefined symbols for architecture x86_64:
  "_inotify_init1", referenced from:
      _main in conftest-526cee.o
ld: symbol(s) not found for architecture x86_64
clang: error: linker command failed with exit code 1 (use -v to see invocation)
configure:5216: $? = 1
configure: failed program was:
| /* confdefs.h */
| #define PACKAGE_NAME ""
| #define PACKAGE_TARNAME ""
| #define PACKAGE_VERSION ""
| #define PACKAGE_STRING ""
| #define PACKAGE_BUGREPORT ""
| #define PACKAGE_URL ""
| #define SW_SOCKETS 1
| #define SW_ASYNC_MYSQL 1
| #define SW_ASYNC_HTTPCLIENT 1
| #define SW_USE_AEROSPIKE 1
| #define HAVE_REUSEPORT 1
| #define SW_HAVE_MYSQLI 1
| #define SW_HAVE_MYSQLND 1
| #define HAVE_SENDFILE 1
| #define HAVE_KQUEUE 1
| #define HAVE_EXECINFO 1
| #define HAVE_DAEMON 1
| /* end confdefs.h.  */
| 
| /* Override any GCC internal prototype to avoid an error.
|    Use char because int might match the return type of a GCC
|    builtin and then its argument prototype would still apply.  */
| #ifdef __cplusplus
| extern "C"
| #endif
| char inotify_init1 ();
| int
| main ()
| {
| return inotify_init1 ();
|   ;
|   return 0;
| }
configure:5225: result: no
configure:5233: checking for pthread_rwlock_init in -lpthread
configure:5258: cc -o conftest -std=gnu99 -Wall -pthread -g -O2 -std=gnu89   -lpthread conftest.c -lpthread   >&5
configure:5258: $? = 0
configure:5267: result: yes
configure:5275: checking for pthread_spin_lock in -lpthread
configure:5300: cc -o conftest -std=gnu99 -Wall -pthread -g -O2 -std=gnu89   -lpthread conftest.c -lpthread   >&5
Undefined symbols for architecture x86_64:
  "_pthread_spin_lock", referenced from:
      _main in conftest-b1e09f.o
ld: symbol(s) not found for architecture x86_64
clang: error: linker command failed with exit code 1 (use -v to see invocation)
configure:5300: $? = 1
configure: failed program was:
| /* confdefs.h */
| #define PACKAGE_NAME ""
| #define PACKAGE_TARNAME ""
| #define PACKAGE_VERSION ""
| #define PACKAGE_STRING ""
| #define PACKAGE_BUGREPORT ""
| #define PACKAGE_URL ""
| #define SW_SOCKETS 1
| #define SW_ASYNC_MYSQL 1
| #define SW_ASYNC_HTTPCLIENT 1
| #define SW_USE_AEROSPIKE 1
| #define HAVE_REUSEPORT 1
| #define SW_HAVE_MYSQLI 1
| #define SW_HAVE_MYSQLND 1
| #define HAVE_SENDFILE 1
| #define HAVE_KQUEUE 1
| #define HAVE_EXECINFO 1
| #define HAVE_DAEMON 1
| #define HAVE_RWLOCK 1
| /* end confdefs.h.  */
| 
| /* Override any GCC internal prototype to avoid an error.
|    Use char because int might match the return type of a GCC
|    builtin and then its argument prototype would still apply.  */
| #ifdef __cplusplus
| extern "C"
| #endif
| char pthread_spin_lock ();
| int
| main ()
| {
| return pthread_spin_lock ();
|   ;
|   return 0;
| }
configure:5309: result: no
configure:5317: checking for pthread_mutex_timedlock in -lpthread
configure:5342: cc -o conftest -std=gnu99 -Wall -pthread -g -O2 -std=gnu89   -lpthread conftest.c -lpthread   >&5
Undefined symbols for architecture x86_64:
  "_pthread_mutex_timedlock", referenced from:
      _main in conftest-2a7a21.o
ld: symbol(s) not found for architecture x86_64
clang: error: linker command failed with exit code 1 (use -v to see invocation)
configure:5342: $? = 1
configure: failed program was:
| /* confdefs.h */
| #define PACKAGE_NAME ""
| #define PACKAGE_TARNAME ""
| #define PACKAGE_VERSION ""
| #define PACKAGE_STRING ""
| #define PACKAGE_BUGREPORT ""
| #define PACKAGE_URL ""
| #define SW_SOCKETS 1
| #define SW_ASYNC_MYSQL 1
| #define SW_ASYNC_HTTPCLIENT 1
| #define SW_USE_AEROSPIKE 1
| #define HAVE_REUSEPORT 1
| #define SW_HAVE_MYSQLI 1
| #define SW_HAVE_MYSQLND 1
| #define HAVE_SENDFILE 1
| #define HAVE_KQUEUE 1
| #define HAVE_EXECINFO 1
| #define HAVE_DAEMON 1
| #define HAVE_RWLOCK 1
| /* end confdefs.h.  */
| 
| /* Override any GCC internal prototype to avoid an error.
|    Use char because int might match the return type of a GCC
|    builtin and then its argument prototype would still apply.  */
| #ifdef __cplusplus
| extern "C"
| #endif
| char pthread_mutex_timedlock ();
| int
| main ()
| {
| return pthread_mutex_timedlock ();
|   ;
|   return 0;
| }
configure:5351: result: no
configure:5359: checking for pthread_barrier_init in -lpthread
configure:5384: cc -o conftest -std=gnu99 -Wall -pthread -g -O2 -std=gnu89   -lpthread conftest.c -lpthread   >&5
Undefined symbols for architecture x86_64:
  "_pthread_barrier_init", referenced from:
      _main in conftest-e0b0f4.o
ld: symbol(s) not found for architecture x86_64
clang: error: linker command failed with exit code 1 (use -v to see invocation)
configure:5384: $? = 1
configure: failed program was:
| /* confdefs.h */
| #define PACKAGE_NAME ""
| #define PACKAGE_TARNAME ""
| #define PACKAGE_VERSION ""
| #define PACKAGE_STRING ""
| #define PACKAGE_BUGREPORT ""
| #define PACKAGE_URL ""
| #define SW_SOCKETS 1
| #define SW_ASYNC_MYSQL 1
| #define SW_ASYNC_HTTPCLIENT 1
| #define SW_USE_AEROSPIKE 1
| #define HAVE_REUSEPORT 1
| #define SW_HAVE_MYSQLI 1
| #define SW_HAVE_MYSQLND 1
| #define HAVE_SENDFILE 1
| #define HAVE_KQUEUE 1
| #define HAVE_EXECINFO 1
| #define HAVE_DAEMON 1
| #define HAVE_RWLOCK 1
| /* end confdefs.h.  */
| 
| /* Override any GCC internal prototype to avoid an error.
|    Use char because int might match the return type of a GCC
|    builtin and then its argument prototype would still apply.  */
| #ifdef __cplusplus
| extern "C"
| #endif
| char pthread_barrier_init ();
| int
| main ()
| {
| return pthread_barrier_init ();
|   ;
|   return 0;
| }
configure:5393: result: no
configure:5401: checking for SSL_library_init in -lssl
configure:5426: cc -o conftest -std=gnu99 -Wall -pthread -g -O2 -std=gnu89   -lpthread conftest.c -lssl   >&5
configure:5426: $? = 0
configure:5435: result: yes
configure:5443: checking for pcre_compile in -lpcre
configure:5468: cc -o conftest -std=gnu99 -Wall -pthread -g -O2 -std=gnu89   -lpthread conftest.c -lpcre   >&5
configure:5468: $? = 0
configure:5477: result: yes
configure:5485: checking for redisConnect in -lhiredis
configure:5510: cc -o conftest -std=gnu99 -Wall -pthread -g -O2 -std=gnu89   -lpthread conftest.c -lhiredis   >&5
configure:5510: $? = 0
configure:5519: result: yes
configure:5527: checking for nghttp2_hd_inflate_new in -lnghttp2
configure:5552: cc -o conftest -std=gnu99 -Wall -pthread -g -O2 -std=gnu89   -lpthread conftest.c -lnghttp2   >&5
ld: library not found for -lnghttp2
clang: error: linker command failed with exit code 1 (use -v to see invocation)
configure:5552: $? = 1
configure: failed program was:
| /* confdefs.h */
| #define PACKAGE_NAME ""
| #define PACKAGE_TARNAME ""
| #define PACKAGE_VERSION ""
| #define PACKAGE_STRING ""
| #define PACKAGE_BUGREPORT ""
| #define PACKAGE_URL ""
| #define SW_SOCKETS 1
| #define SW_ASYNC_MYSQL 1
| #define SW_ASYNC_HTTPCLIENT 1
| #define SW_USE_AEROSPIKE 1
| #define HAVE_REUSEPORT 1
| #define SW_HAVE_MYSQLI 1
| #define SW_HAVE_MYSQLND 1
| #define HAVE_SENDFILE 1
| #define HAVE_KQUEUE 1
| #define HAVE_EXECINFO 1
| #define HAVE_DAEMON 1
| #define HAVE_RWLOCK 1
| #define HAVE_OPENSSL 1
| #define HAVE_PCRE 1
| #define HAVE_HIREDIS 1
| /* end confdefs.h.  */
| 
| /* Override any GCC internal prototype to avoid an error.
|    Use char because int might match the return type of a GCC
|    builtin and then its argument prototype would still apply.  */
| #ifdef __cplusplus
| extern "C"
| #endif
| char nghttp2_hd_inflate_new ();
| int
| main ()
| {
| return nghttp2_hd_inflate_new ();
|   ;
|   return 0;
| }
configure:5561: result: no
configure:5570: checking for gzgets in -lz
configure:5595: cc -o conftest -std=gnu99 -Wall -pthread -g -O2 -std=gnu89   -lpthread conftest.c -lz   >&5
configure:5595: $? = 0
configure:5604: result: yes
configure:5639: checking for clock_gettime in -lc
configure:5664: cc -o conftest -std=gnu99 -Wall -pthread -g -O2 -std=gnu89   -lpthread conftest.c -lc   >&5
Undefined symbols for architecture x86_64:
  "_clock_gettime", referenced from:
      _main in conftest-31a046.o
ld: symbol(s) not found for architecture x86_64
clang: error: linker command failed with exit code 1 (use -v to see invocation)
configure:5664: $? = 1
configure: failed program was:
| /* confdefs.h */
| #define PACKAGE_NAME ""
| #define PACKAGE_TARNAME ""
| #define PACKAGE_VERSION ""
| #define PACKAGE_STRING ""
| #define PACKAGE_BUGREPORT ""
| #define PACKAGE_URL ""
| #define SW_SOCKETS 1
| #define SW_ASYNC_MYSQL 1
| #define SW_ASYNC_HTTPCLIENT 1
| #define SW_USE_AEROSPIKE 1
| #define HAVE_REUSEPORT 1
| #define SW_HAVE_MYSQLI 1
| #define SW_HAVE_MYSQLND 1
| #define HAVE_SENDFILE 1
| #define HAVE_KQUEUE 1
| #define HAVE_EXECINFO 1
| #define HAVE_DAEMON 1
| #define HAVE_RWLOCK 1
| #define HAVE_OPENSSL 1
| #define HAVE_PCRE 1
| #define HAVE_HIREDIS 1
| #define SW_HAVE_ZLIB 1
| /* end confdefs.h.  */
| 
| /* Override any GCC internal prototype to avoid an error.
|    Use char because int might match the return type of a GCC
|    builtin and then its argument prototype would still apply.  */
| #ifdef __cplusplus
| extern "C"
| #endif
| char clock_gettime ();
| int
| main ()
| {
| return clock_gettime ();
|   ;
|   return 0;
| }
configure:5673: result: no
configure:5681: checking for aio_read in -lc
configure:5706: cc -o conftest -std=gnu99 -Wall -pthread -g -O2 -std=gnu89   -lpthread conftest.c -lc   >&5
configure:5706: $? = 0
configure:5715: result: yes
configure:7101: checking for ld used by cc
configure:7168: result: /Applications/Xcode.app/Contents/Developer/Toolchains/XcodeDefault.xctoolchain/usr/bin/ld
configure:7175: checking if the linker (/Applications/Xcode.app/Contents/Developer/Toolchains/XcodeDefault.xctoolchain/usr/bin/ld) is GNU ld
configure:7190: result: no
configure:7195: checking for /Applications/Xcode.app/Contents/Developer/Toolchains/XcodeDefault.xctoolchain/usr/bin/ld option to reload object files
configure:7202: result: -r
configure:7220: checking for BSD-compatible nm
configure:7269: result: /usr/bin/nm -B
configure:7273: checking whether ln -s works
configure:7277: result: yes
configure:7284: checking how to recognize dependent libraries
configure:7470: result: pass_all
configure:7688: checking for ANSI C header files
configure:7708: cc -c -std=gnu99 -Wall -pthread -g -O2 -std=gnu89  conftest.c >&5
configure:7708: $? = 0
configure:7781: cc -o conftest -std=gnu99 -Wall -pthread -g -O2 -std=gnu89   -lpthread conftest.c  >&5
configure:7781: $? = 0
configure:7781: ./conftest
configure:7781: $? = 0
configure:7792: result: yes
configure:7805: checking for sys/types.h
configure:7805: cc -c -std=gnu99 -Wall -pthread -g -O2 -std=gnu89  conftest.c >&5
configure:7805: $? = 0
configure:7805: result: yes
configure:7805: checking for sys/stat.h
configure:7805: cc -c -std=gnu99 -Wall -pthread -g -O2 -std=gnu89  conftest.c >&5
configure:7805: $? = 0
configure:7805: result: yes
configure:7805: checking for stdlib.h
configure:7805: cc -c -std=gnu99 -Wall -pthread -g -O2 -std=gnu89  conftest.c >&5
configure:7805: $? = 0
configure:7805: result: yes
configure:7805: checking for string.h
configure:7805: cc -c -std=gnu99 -Wall -pthread -g -O2 -std=gnu89  conftest.c >&5
configure:7805: $? = 0
configure:7805: result: yes
configure:7805: checking for memory.h
configure:7805: cc -c -std=gnu99 -Wall -pthread -g -O2 -std=gnu89  conftest.c >&5
configure:7805: $? = 0
configure:7805: result: yes
configure:7805: checking for strings.h
configure:7805: cc -c -std=gnu99 -Wall -pthread -g -O2 -std=gnu89  conftest.c >&5
configure:7805: $? = 0
configure:7805: result: yes
configure:7805: checking for inttypes.h
configure:7805: cc -c -std=gnu99 -Wall -pthread -g -O2 -std=gnu89  conftest.c >&5
configure:7805: $? = 0
configure:7805: result: yes
configure:7805: checking for stdint.h
configure:7805: cc -c -std=gnu99 -Wall -pthread -g -O2 -std=gnu89  conftest.c >&5
configure:7805: $? = 0
configure:7805: result: yes
configure:7805: checking for unistd.h
configure:7805: cc -c -std=gnu99 -Wall -pthread -g -O2 -std=gnu89  conftest.c >&5
configure:7805: $? = 0
configure:7805: result: yes
configure:7819: checking dlfcn.h usability
configure:7819: cc -c -std=gnu99 -Wall -pthread -g -O2 -std=gnu89  conftest.c >&5
configure:7819: $? = 0
configure:7819: result: yes
configure:7819: checking dlfcn.h presence
configure:7819: cc -E  conftest.c
configure:7819: $? = 0
configure:7819: result: yes
configure:7819: checking for dlfcn.h
configure:7819: result: yes
configure:7841: checking the maximum length of command line arguments
configure:7953: result: 196608
configure:7965: checking command to parse /usr/bin/nm -B output from cc object
configure:8070: cc -c -std=gnu99 -Wall -pthread -g -O2 -std=gnu89  conftest.c >&5
configure:8073: $? = 0
configure:8077: /usr/bin/nm -B conftest.o \| sed -n -e 's/^.*[ 	]\([BCDEGRST][BCDEGRST]*\)[ 	][ 	]*\([_A-Za-z][_A-Za-z0-9]*\)$/\1 \2 \2/p' \> conftest.nm
configure:8080: $? = 0
cannot find nm_test_var in conftest.nm
configure:8070: cc -c -std=gnu99 -Wall -pthread -g -O2 -std=gnu89  conftest.c >&5
configure:8073: $? = 0
configure:8077: /usr/bin/nm -B conftest.o \| sed -n -e 's/^.*[ 	]\([BCDEGRST][BCDEGRST]*\)[ 	][ 	]*_\([_A-Za-z][_A-Za-z0-9]*\)$/\1 _\2 \2/p' \> conftest.nm
configure:8080: $? = 0
configure:8132: cc -o conftest -std=gnu99 -Wall -pthread -g -O2 -std=gnu89   -lpthread conftest.c conftstm.o >&5
warning: (x86_64)  could not find object file symbol for symbol _main
configure:8135: $? = 0
configure:8173: result: ok
configure:8177: checking for objdir
configure:8192: result: .libs
configure:8284: checking for ar
configure:8300: found /usr/bin/ar
configure:8311: result: ar
configure:8376: checking for ranlib
configure:8392: found /usr/bin/ranlib
configure:8403: result: ranlib
configure:8468: checking for strip
configure:8484: found /usr/bin/strip
configure:8495: result: strip
configure:8748: checking for dsymutil
configure:8764: found /usr/bin/dsymutil
configure:8775: result: dsymutil
configure:8840: checking for nmedit
configure:8856: found /usr/bin/nmedit
configure:8867: result: nmedit
configure:8890: checking for -single_module linker flag
configure:8911: result: yes
configure:8913: checking for -exported_symbols_list linker flag
configure:8929: cc -o conftest -std=gnu99 -Wall -pthread -g -O2 -std=gnu89   -lpthread -Wl,-exported_symbols_list,conftest.sym conftest.c  >&5
configure:8932: $? = 0
configure:8946: result: yes
configure:9064: checking if cc supports -fno-rtti -fno-exceptions
configure:9082: cc -c -std=gnu99 -Wall -pthread -g -O2 -std=gnu89  -fno-rtti -fno-exceptions conftest.c >&5
configure:9086: $? = 0
configure:9099: result: yes
configure:9114: checking for cc option to produce PIC
configure:9354: result: -fno-common
configure:9362: checking if cc PIC flag -fno-common works
configure:9380: cc -c -std=gnu99 -Wall -pthread -g -O2 -std=gnu89  -fno-common -DPIC conftest.c >&5
configure:9384: $? = 0
configure:9397: result: yes
configure:9425: checking if cc static flag -static works
configure:9453: result: no
configure:9463: checking if cc supports -c -o file.o
configure:9484: cc -c -std=gnu99 -Wall -pthread -g -O2 -std=gnu89  -o out/conftest2.o conftest.c >&5
configure:9488: $? = 0
configure:9510: result: yes
configure:9536: checking whether the cc linker (/Applications/Xcode.app/Contents/Developer/Toolchains/XcodeDefault.xctoolchain/usr/bin/ld) supports shared libraries
configure:10464: result: yes
configure:10531: checking dynamic linker characteristics
configure:11129: result: darwin15.6.0 dyld
configure:11153: checking how to hardcode library paths into programs
configure:11178: result: immediate
configure:11192: checking whether stripping libraries is possible
configure:11206: result: yes
configure:11714: checking if libtool supports shared libraries
configure:11716: result: yes
configure:11719: checking whether to build shared libraries
configure:11740: result: yes
configure:11743: checking whether to build static libraries
configure:11747: result: no
configure:11842: result:
creating libtool
configure:15541: creating ./config.status

## ---------------------- ##
## Running config.status. ##
## ---------------------- ##

This file was extended by config.status, which was
generated by GNU Autoconf 2.69.  Invocation command line was

  CONFIG_FILES    = 
  CONFIG_HEADERS  = 
  CONFIG_LINKS    = 
  CONFIG_COMMANDS = 
  $ ./config.status 

on yuanhaodeMacBook-Pro.local

config.status:695: creating config.h

## ---------------- ##
## Cache variables. ##
## ---------------- ##

ac_cv_build=x86_64-apple-darwin15.6.0
ac_cv_c_compiler_gnu=yes
ac_cv_env_CC_set=
ac_cv_env_CC_value=
ac_cv_env_CFLAGS_set=
ac_cv_env_CFLAGS_value=
ac_cv_env_CPPFLAGS_set=
ac_cv_env_CPPFLAGS_value=
ac_cv_env_CPP_set=
ac_cv_env_CPP_value=
ac_cv_env_LDFLAGS_set=
ac_cv_env_LDFLAGS_value=
ac_cv_env_LIBS_set=
ac_cv_env_LIBS_value=
ac_cv_env_build_alias_set=
ac_cv_env_build_alias_value=
ac_cv_env_host_alias_set=
ac_cv_env_host_alias_value=
ac_cv_env_target_alias_set=
ac_cv_env_target_alias_value=
ac_cv_header_dlfcn_h=yes
ac_cv_header_inttypes_h=yes
ac_cv_header_memory_h=yes
ac_cv_header_stdc=yes
ac_cv_header_stdint_h=yes
ac_cv_header_stdlib_h=yes
ac_cv_header_string_h=yes
ac_cv_header_strings_h=yes
ac_cv_header_sys_stat_h=yes
ac_cv_header_sys_types_h=yes
ac_cv_header_unistd_h=yes
ac_cv_host=x86_64-apple-darwin15.6.0
ac_cv_lib_c_accept4=no
ac_cv_lib_c_aio_read=yes
ac_cv_lib_c_backtrace=yes
ac_cv_lib_c_clock_gettime=no
ac_cv_lib_c_daemon=yes
ac_cv_lib_c_epoll_create=no
ac_cv_lib_c_eventfd=no
ac_cv_lib_c_inotify_init1=no
ac_cv_lib_c_inotify_init=no
ac_cv_lib_c_kqueue=yes
ac_cv_lib_c_mkostemp=no
ac_cv_lib_c_sendfile=yes
ac_cv_lib_c_signalfd=no
ac_cv_lib_c_timerfd_create=no
ac_cv_lib_hiredis_redisConnect=yes
ac_cv_lib_nghttp2_nghttp2_hd_inflate_new=no
ac_cv_lib_pcre_pcre_compile=yes
ac_cv_lib_pthread_pthread_barrier_init=no
ac_cv_lib_pthread_pthread_mutex_timedlock=no
ac_cv_lib_pthread_pthread_rwlock_init=yes
ac_cv_lib_pthread_pthread_spin_lock=no
ac_cv_lib_ssl_SSL_library_init=yes
ac_cv_lib_z_gzgets=yes
ac_cv_objext=o
ac_cv_path_EGREP='/usr/local/bin/ggrep -E'
ac_cv_path_GREP=/usr/local/bin/ggrep
ac_cv_prog_AWK=gawk
ac_cv_prog_CPP='cc -E'
ac_cv_prog_ac_ct_AR=ar
ac_cv_prog_ac_ct_CC=cc
ac_cv_prog_ac_ct_DSYMUTIL=dsymutil
ac_cv_prog_ac_ct_NMEDIT=nmedit
ac_cv_prog_ac_ct_RANLIB=ranlib
ac_cv_prog_ac_ct_STRIP=strip
ac_cv_prog_cc_c89=
ac_cv_prog_cc_cc_c_o=yes
ac_cv_prog_cc_g=yes
ac_cv_target=x86_64-apple-darwin15.6.0
lt_cv_apple_cc_single_mod=yes
lt_cv_deplibs_check_method=pass_all
lt_cv_file_magic_cmd='$MAGIC_CMD'
lt_cv_file_magic_test_file=
lt_cv_ld_exported_symbols_list=yes
lt_cv_ld_reload_flag=-r
lt_cv_objdir=.libs
lt_cv_path_LD=/Applications/Xcode.app/Contents/Developer/Toolchains/XcodeDefault.xctoolchain/usr/bin/ld
lt_cv_path_NM='/usr/bin/nm -B'
lt_cv_path_SED=/usr/bin/sed
lt_cv_prog_compiler_c_o=yes
lt_cv_prog_compiler_pic_works=yes
lt_cv_prog_compiler_rtti_exceptions=yes
lt_cv_prog_compiler_static_works=no
lt_cv_prog_gnu_ld=no
lt_cv_sys_global_symbol_pipe='sed -n -e '\''s/^.*[ 	]\([BCDEGRST][BCDEGRST]*\)[ 	][ 	]*_\([_A-Za-z][_A-Za-z0-9]*\)$/\1 _\2 \2/p'\'''
lt_cv_sys_global_symbol_to_c_name_address='sed -n -e '\''s/^: \([^ ]*\) $/  {\"\1\", (lt_ptr) 0},/p'\'' -e '\''s/^[BCDEGRST] \([^ ]*\) \([^ ]*\)$/  {"\2", (lt_ptr) \&\2},/p'\'''
lt_cv_sys_global_symbol_to_cdecl='sed -n -e '\''s/^. .* \(.*\)$/extern int \1;/p'\'''
lt_cv_sys_lib_dlsearch_path_spec='/usr/local/lib /lib /usr/lib'
lt_cv_sys_lib_search_path_spec='/Applications/Xcode.app/Contents/Developer/Toolchains/XcodeDefault.xctoolchain/usr/lib/clang/7.3.0 /usr/local/lib'
lt_cv_sys_max_cmd_len=196608
lt_lt_cv_prog_compiler_c_o='"yes"'
lt_lt_cv_sys_global_symbol_pipe='"sed -n -e '\''s/^.*[ 	]\\([BCDEGRST][BCDEGRST]*\\)[ 	][ 	]*_\\([_A-Za-z][_A-Za-z0-9]*\\)\$/\\1 _\\2 \\2/p'\''"'
lt_lt_cv_sys_global_symbol_to_c_name_address='"sed -n -e '\''s/^: \\([^ ]*\\) \$/  {\\\"\\1\\\", (lt_ptr) 0},/p'\'' -e '\''s/^[BCDEGRST] \\([^ ]*\\) \\([^ ]*\\)\$/  {\"\\2\", (lt_ptr) \\&\\2},/p'\''"'
lt_lt_cv_sys_global_symbol_to_cdecl='"sed -n -e '\''s/^. .* \\(.*\\)\$/extern int \\1;/p'\''"'
php_cv_cc_dashr=no
php_cv_cc_rpath=yes

## ----------------- ##
## Output variables. ##
## ----------------- ##

AR='ar'
AWK='gawk'
CC='cc'
CFLAGS='-std=gnu99 -Wall -pthread -g -O2 -std=gnu89'
CONFIGURE_COMMAND=' '\''./configure'\''  '\''--enable-async-mysql'\'' '\''--enable-async-httpclient'\'' '\''--enable-aerospike'\'' '\''--enable-sockets'\'' '\''--enable-async-redis'\'''
CONFIGURE_OPTIONS=' '\''--enable-async-mysql'\'' '\''--enable-async-httpclient'\'' '\''--enable-aerospike'\'' '\''--enable-sockets'\'' '\''--enable-async-redis'\'''
CPP='cc -E'
CPPFLAGS=' -DHAVE_CONFIG_H'
DEFS='-DHAVE_CONFIG_H'
DSYMUTIL='dsymutil'
ECHO='/bin/echo'
ECHO_C='\c'
ECHO_N=''
ECHO_T=''
EGREP='/usr/local/bin/ggrep -E'
EXEEXT=''
GREP='/usr/local/bin/ggrep'
LDFLAGS=' -lpthread'
LIBOBJS=''
LIBS=''
LIBTOOL='$(SHELL) $(top_builddir)/libtool'
LN_S='ln -s'
LTLIBOBJS=''
NMEDIT='nmedit'
OBJEXT='o'
PACKAGE_BUGREPORT=''
PACKAGE_NAME=''
PACKAGE_STRING=''
PACKAGE_TARNAME=''
PACKAGE_URL=''
PACKAGE_VERSION=''
PATH_SEPARATOR=':'
RANLIB='ranlib'
RE2C='exit 0;'
SED='/usr/bin/sed'
SHELL='/bin/sh'
SHLIB_DL_SUFFIX_NAME='so'
SHLIB_SUFFIX_NAME='dylib'
STRIP='strip'
ac_ct_CC='cc'
bindir='${exec_prefix}/bin'
build='x86_64-apple-darwin15.6.0'
build_alias=''
build_cpu='x86_64'
build_os='darwin15.6.0'
build_vendor='apple'
datadir='${datarootdir}'
datarootdir='${prefix}/share'
docdir='${datarootdir}/doc/${PACKAGE}'
dvidir='${docdir}'
exec_prefix='$(prefix)'
host='x86_64-apple-darwin15.6.0'
host_alias='x86_64-apple-darwin15.6.0'
host_cpu='x86_64'
host_os='darwin15.6.0'
host_vendor='apple'
htmldir='${docdir}'
includedir='${prefix}/include'
infodir='${datarootdir}/info'
libdir='${exec_prefix}/lib'
libexecdir='${exec_prefix}/libexec'
localedir='${datarootdir}/locale'
localstatedir='${prefix}/var'
mandir='${datarootdir}/man'
oldincludedir='/usr/include'
pdfdir='${docdir}'
prefix='/usr/local/Cellar/php56/5.6.23'
program_transform_name='s,x,x,'
psdir='${docdir}'
sbindir='${exec_prefix}/sbin'
sharedstatedir='${prefix}/com'
sysconfdir='${prefix}/etc'
target='x86_64-apple-darwin15.6.0'
target_alias=''
target_cpu='x86_64'
target_os='darwin15.6.0'
target_vendor='apple'

## ----------- ##
## confdefs.h. ##
## ----------- ##

/* confdefs.h */
#define PACKAGE_NAME ""
#define PACKAGE_TARNAME ""
#define PACKAGE_VERSION ""
#define PACKAGE_STRING ""
#define PACKAGE_BUGREPORT ""
#define PACKAGE_URL ""
#define SW_SOCKETS 1
#define SW_ASYNC_MYSQL 1
#define SW_ASYNC_HTTPCLIENT 1
#define SW_USE_AEROSPIKE 1
#define HAVE_REUSEPORT 1
#define SW_HAVE_MYSQLI 1
#define SW_HAVE_MYSQLND 1
#define HAVE_SENDFILE 1
#define HAVE_KQUEUE 1
#define HAVE_EXECINFO 1
#define HAVE_DAEMON 1
#define HAVE_RWLOCK 1
#define HAVE_OPENSSL 1
#define HAVE_PCRE 1
#define HAVE_HIREDIS 1
#define SW_HAVE_ZLIB 1
#define HAVE_GCC_AIO 1
#define SW_USE_REDIS 1
#define SW_USE_AEROSPIKE 1
#define COMPILE_DL_SWOOLE 1
#define STDC_HEADERS 1
#define HAVE_SYS_TYPES_H 1
#define HAVE_SYS_STAT_H 1
#define HAVE_STDLIB_H 1
#define HAVE_STRING_H 1
#define HAVE_MEMORY_H 1
#define HAVE_STRINGS_H 1
#define HAVE_INTTYPES_H 1
#define HAVE_STDINT_H 1
#define HAVE_UNISTD_H 1
#define HAVE_DLFCN_H 1

configure: exit 0
